Build started 18/12/2015 22:40:44.
Project "C:\Users\Laura Ripoll\Desktop\Física2Racer\Physics3D_class6 - solution\3D Physics.vcxproj" on node 2 (Build target(s)).
ClCompile:
  C:\Program Files\Microsoft Visual Studio 12.0\VC\bin\CL.exe /c /ZI /nologo /W3 /WX- /sdl- /Od /Oy- /D _MBCS /Gm /RTC1 /MDd /GS /fp:precise /Zc:wchar_t /Zc:forScope /Fo"Debug\\" /Fd"Debug\vc120.pdb" /Gd /TP /analyze- /errorReport:prompt ModulePlayer.cpp
  ModulePlayer.cpp
c:\users\laura ripoll\desktop\física2racer\physics3d_class6 - solution\moduleplayer.cpp(29): warning C4305: 'argument' : truncation from 'double' to 'float'
c:\users\laura ripoll\desktop\física2racer\physics3d_class6 - solution\moduleplayer.cpp(30): warning C4305: 'argument' : truncation from 'double' to 'float'
c:\users\laura ripoll\desktop\física2racer\physics3d_class6 - solution\moduleplayer.cpp(32): warning C4305: 'argument' : truncation from 'double' to 'float'
c:\users\laura ripoll\desktop\física2racer\physics3d_class6 - solution\moduleplayer.cpp(33): warning C4305: 'argument' : truncation from 'double' to 'float'
c:\users\laura ripoll\desktop\física2racer\physics3d_class6 - solution\moduleplayer.cpp(222): warning C4305: 'initializing' : truncation from 'double' to 'float'
Link:
  C:\Program Files\Microsoft Visual Studio 12.0\VC\bin\link.exe /ERRORREPORT:PROMPT /OUT:"C:\Users\Laura Ripoll\Desktop\Física2Racer\Physics3D_class6 - solution\Debug\3D Physics - class6.exe" /INCREMENTAL /NOLOGO kernel32.lib user32.lib gdi32.lib winspool.lib comdlg32.lib advapi32.lib shell32.lib ole32.lib oleaut32.lib uuid.lib odbc32.lib odbccp32.lib /MANIFEST /MANIFESTUAC:"level='asInvoker' uiAccess='false'" /manifest:embed /DEBUG /PDB:"C:\Users\Laura Ripoll\Desktop\Física2Racer\Physics3D_class6 - solution\Debug\3D Physics - class6.pdb" /SUBSYSTEM:WINDOWS /TLBID:1 /DYNAMICBASE /NXCOMPAT /IMPLIB:"C:\Users\Laura Ripoll\Desktop\Física2Racer\Physics3D_class6 - solution\Debug\3D Physics - class6.lib" /MACHINE:X86 /SAFESEH:NO Debug\Application.obj
  Debug\Color.obj
  Debug\glmath.obj
  Debug\Light.obj
  Debug\log.obj
  Debug\Main.obj
  Debug\ModuleAudio.obj
  Debug\ModuleCamera3D.obj
  Debug\ModuleInput.obj
  Debug\ModulePhysics3D.obj
  Debug\ModulePlayer.obj
  Debug\ModuleRenderer3D.obj
  Debug\ModuleSceneIntro.obj
  Debug\ModuleWindow.obj
  Debug\PhysBody3D.obj
  Debug\PhysVehicle3D.obj
  Debug\Primitive.obj
  Debug\Timer.obj
  3D Physics.vcxproj -> C:\Users\Laura Ripoll\Desktop\Física2Racer\Physics3D_class6 - solution\Debug\3D Physics - class6.exe
Done Building Project "C:\Users\Laura Ripoll\Desktop\Física2Racer\Physics3D_class6 - solution\3D Physics.vcxproj" (Build target(s)).

Build succeeded.

Time Elapsed 00:00:01.74
